{"service":"user-service","level":"warn","message":"The server is runing on "}
{"service":"user-service","level":"warn","message":"The server is runing on "}
{"service":"user-service","level":"warn","message":"The server is runing on "}
{"service":"user-service","level":"warn","message":"The server is runing on "}
{"message":"localhost","level":"warn","service":"user-service"}
{"service":"user-service","level":"warn","message":"The server is runing on "}
{"message":"3000","level":"warn","service":"user-service"}
{"service":"user-service","level":"warn","message":"The server is runing on "}
{"message":"3000","level":"warn","service":"user-service"}
{"service":"user-service","level":"warn","message":"The server is runing on "}
{"message":"3000","level":"warn","service":"user-service"}
{"message":"The server is runing on 3000","level":"warn","service":"user-service"}
{"message":"3000","level":"warn","service":"user-service"}
{"message":"The server is runing on PORT: 3000","level":"warn","service":"user-service"}
{"message":"3000","level":"warn","service":"user-service"}
{"message":"The server is runing on PORT: 3000","level":"warn","service":"user-service"}
{"message":"The server is runing on PORT: 3000","level":"warn","service":"user-service"}
{"message":"The server is runing on PORT: 3000","level":"warn","service":"user-service"}
{"message":"The server is runing on PORT: 3000","level":"warn","service":"user-service"}
{"message":"The server is runing on PORT: 3000","level":"warn","service":"user-service"}
{"message":"The server is runing on PORT: 3000","level":"warn","service":"user-service"}
{"message":"The server is runing on PORT: 3000","level":"warn","service":"user-service"}
{"level":"warn","service":"user-service"}
{"message":"The server is runing on PORT: 3000","level":"warn","service":"user-service"}
{"level":"warn","service":"user-service"}
{"message":"The server is runing on PORT: 3000","level":"warn","service":"user-service"}
{"level":"warn","service":"user-service"}
{"message":"The server is runing on PORT: 3000","level":"warn","service":"user-service"}
{"message":"The server is runing on PORT: 3000","level":"warn","service":"user-service"}
{"message":"The server is runing on PORT: 3000","level":"warn","service":"user-service"}
{"message":"The server is runing on PORT: 3000","level":"warn","service":"user-service"}
{"message":"The server is runing on PORT: 3000","level":"warn","service":"user-service"}
{"message":"The server is runing on PORT: 3000","level":"warn","service":"user-service"}
{"message":"The server is runing on PORT: 3000","level":"warn","service":"user-service"}
{"message":"The server is runing on PORT: 3000","level":"warn","service":"user-service"}
{"message":"The server is runing on PORT: 3000","level":"warn","service":"user-service"}
{"message":"The server is runing on PORT: 3000","level":"warn","service":"user-service"}
{"message":"The server is runing on PORT: 3000","level":"warn","service":"user-service"}
{"message":"The server is runing on PORT: 3000","level":"warn","service":"user-service"}
{"message":"The server is runing on PORT: 3000","level":"warn","service":"user-service"}
{"message":"The server is runing on PORT: 3000","level":"warn","service":"user-service"}
{"message":"The server is runing on PORT: 3000","level":"warn","service":"user-service"}
{"message":"The server is runing on PORT: 3000","level":"warn","service":"user-service"}
{"message":"The server is runing on PORT: 3000","level":"warn","service":"user-service"}
{"message":"The server is runing on PORT: 3000","level":"warn","service":"user-service"}
{"message":"The server is runing on PORT: 3000","level":"warn","service":"user-service"}
{"message":"The server is runing on PORT: 3000","level":"warn","service":"user-service"}
{"message":"The server is runing on PORT: 3000","level":"warn","service":"user-service"}
{"message":"Can't connect to the mongoDB","level":"error","service":"user-service"}
{"message":"The server is runing on PORT: 3000","level":"warn","service":"user-service"}
{"message":"Connect to the database success","level":"warn","service":"user-service"}
{"message":"The server is runing on PORT: 3000","level":"warn","service":"user-service"}
{"message":"Connect to the database success","level":"warn","service":"user-service"}
{"message":"The server is runing on PORT: 3000","level":"warn","service":"user-service"}
{"message":"Connect to the database success","level":"warn","service":"user-service"}
{"message":"The server is runing on PORT: 3000","level":"warn","service":"user-service"}
{"message":"Connect to the database success","level":"warn","service":"user-service"}
{"message":"The server is runing on PORT: 3000","level":"warn","service":"user-service"}
{"message":"Connect to the database success","level":"warn","service":"user-service"}
{"message":"Connect to the database success","level":"warn","service":"user-service"}
{"message":"The server is runing on PORT: 3000","level":"warn","service":"user-service"}
{"message":"Connect to the database success","level":"warn","service":"user-service"}
{"message":"The server is runing on PORT: 3000","level":"warn","service":"user-service"}
{"message":"Connect to the database success","level":"warn","service":"user-service"}
{"message":"The server is runing on PORT: 3000","level":"warn","service":"user-service"}
{"message":"Connect to the database success","level":"warn","service":"user-service"}
{"message":"The server is runing on PORT: 3000","level":"warn","service":"user-service"}
{"message":"Connect to the database success","level":"warn","service":"user-service"}
